<?xml version="1.0" encoding="UTF-8"?>
<testsuite name="StatementPrinterTest" tests="1" skipped="0" failures="0" errors="0" timestamp="2021-08-27T15:21:55" hostname="Ians-MacBook-Air.local" time="0.078">
  <properties/>
  <testcase name="Prints statement for credit and debit transactions" classname="StatementPrinterTest" time="0.078"/>
  <system-out><![CDATA[]]></system-out>
  <system-err><![CDATA[]]></system-err>
</testsuite>
