<?xml version="1.0" encoding="UTF-8"?>
<testsuite name="BankAccountTest$Withdrawals" tests="2" skipped="0" failures="0" errors="0" timestamp="2021-08-26T11:49:53" hostname="Ians-MacBook-Air.local" time="0.031">
  <properties/>
  <testcase name="Can make withdrawal with date" classname="BankAccountTest$Withdrawals" time="0.003"/>
  <testcase name="Can make withdrawal" classname="BankAccountTest$Withdrawals" time="0.025"/>
  <system-out><![CDATA[]]></system-out>
  <system-err><![CDATA[]]></system-err>
</testsuite>
