<?xml version="1.0" encoding="UTF-8"?>
<testsuite name="BankAccountTest" tests="2" skipped="0" failures="0" errors="0" timestamp="2021-08-25T15:04:43" hostname="Ians-MacBook-Air.local" time="0.054">
  <properties/>
  <testcase name="testCanMakeDeposit()" classname="BankAccountTest" time="0.049"/>
  <testcase name="testNewAccountsHaveZeroBalance()" classname="BankAccountTest" time="0.002"/>
  <system-out><![CDATA[]]></system-out>
  <system-err><![CDATA[]]></system-err>
</testsuite>
