<?xml version="1.0" encoding="UTF-8"?>
<testsuite name="BankAccountTest$Withdrawals" tests="2" skipped="0" failures="0" errors="0" timestamp="2021-08-26T15:12:54" hostname="Ians-MacBook-Air.local" time="0.05">
  <properties/>
  <testcase name="Can make withdrawal with date" classname="BankAccountTest$Withdrawals" time="0.032"/>
  <testcase name="Can make withdrawal" classname="BankAccountTest$Withdrawals" time="0.015"/>
  <system-out><![CDATA[]]></system-out>
  <system-err><![CDATA[]]></system-err>
</testsuite>
