<?xml version="1.0" encoding="UTF-8"?>
<testsuite name="TransactionTest" tests="2" skipped="0" failures="0" errors="0" timestamp="2021-08-26T10:59:00" hostname="Ians-MacBook-Air.local" time="0.053">
  <properties/>
  <testcase name="testCanMakeDebitTransaction()" classname="TransactionTest" time="0.048"/>
  <testcase name="testCanMakeCreditTransaction()" classname="TransactionTest" time="0.001"/>
  <system-out><![CDATA[]]></system-out>
  <system-err><![CDATA[]]></system-err>
</testsuite>
