<?xml version="1.0" encoding="UTF-8"?>
<testsuite name="BankAccountTest" tests="4" skipped="0" failures="0" errors="0" timestamp="2021-08-25T15:19:02" hostname="Ians-MacBook-Air.local" time="0.095">
  <properties/>
  <testcase name="testCanMakeDeposit()" classname="BankAccountTest" time="0.072"/>
  <testcase name="testNewAccountsHaveZeroBalance()" classname="BankAccountTest" time="0.001"/>
  <testcase name="testCanMakeWithdrawal()" classname="BankAccountTest" time="0.002"/>
  <testcase name="testCanMakeDepositWithDate()" classname="BankAccountTest" time="0.003"/>
  <system-out><![CDATA[]]></system-out>
  <system-err><![CDATA[]]></system-err>
</testsuite>
