<?xml version="1.0" encoding="UTF-8"?>
<testsuite name="StatementPrinterTest" tests="2" skipped="0" failures="0" errors="0" timestamp="2021-08-27T13:01:25" hostname="Ians-MacBook-Air.local" time="0.041">
  <properties/>
  <testcase name="Prints blank statement" classname="StatementPrinterTest" time="0.031"/>
  <testcase name="Prints statement for one transaction" classname="StatementPrinterTest" time="0.005"/>
  <system-out><![CDATA[]]></system-out>
  <system-err><![CDATA[]]></system-err>
</testsuite>
