<?xml version="1.0" encoding="UTF-8"?>
<testsuite name="StatementPrinterTest" tests="1" skipped="0" failures="0" errors="0" timestamp="2021-08-27T11:11:01" hostname="Ians-MacBook-Air.local" time="0.035">
  <properties/>
  <testcase name="Prints blank statement" classname="StatementPrinterTest" time="0.035"/>
  <system-out><![CDATA[]]></system-out>
  <system-err><![CDATA[]]></system-err>
</testsuite>
