<?xml version="1.0" encoding="UTF-8"?>
<testsuite name="BankAccountTest" tests="3" skipped="0" failures="0" errors="0" timestamp="2021-08-25T15:08:51" hostname="Ians-MacBook-Air.local" time="0.06">
  <properties/>
  <testcase name="testCanMakeDeposit()" classname="BankAccountTest" time="0.051"/>
  <testcase name="testNewAccountsHaveZeroBalance()" classname="BankAccountTest" time="0.003"/>
  <testcase name="testCanMakeWithdrawal()" classname="BankAccountTest" time="0.0"/>
  <system-out><![CDATA[]]></system-out>
  <system-err><![CDATA[]]></system-err>
</testsuite>
