<?xml version="1.0" encoding="UTF-8"?>
<testsuite name="TransactionTest" tests="1" skipped="0" failures="0" errors="0" timestamp="2021-08-26T10:52:29" hostname="Ians-MacBook-Air.local" time="0.059">
  <properties/>
  <testcase name="testCanMakeCreditTransaction()" classname="TransactionTest" time="0.059"/>
  <system-out><![CDATA[]]></system-out>
  <system-err><![CDATA[]]></system-err>
</testsuite>
