<?xml version="1.0" encoding="UTF-8"?>
<testsuite name="StatementPrinterTest" tests="1" skipped="0" failures="0" errors="0" timestamp="2021-08-27T14:48:10" hostname="Ians-MacBook-Air.local" time="0.063">
  <properties/>
  <testcase name="Prints statement for two credit transactions" classname="StatementPrinterTest" time="0.063"/>
  <system-out><![CDATA[]]></system-out>
  <system-err><![CDATA[]]></system-err>
</testsuite>
