<?xml version="1.0" encoding="UTF-8"?>
<testsuite name="Debit" tests="3" skipped="0" failures="0" errors="0" timestamp="2021-08-27T10:44:11" hostname="Ians-MacBook-Air.local" time="0.036">
  <properties/>
  <testcase name="Can make debit transaction" classname="TransactionTest$WhenDebit" time="0.028"/>
  <testcase name="Debit transaction holds date" classname="TransactionTest$WhenDebit" time="0.002"/>
  <testcase name="Debit transaction has zero credit" classname="TransactionTest$WhenDebit" time="0.002"/>
  <system-out><![CDATA[]]></system-out>
  <system-err><![CDATA[]]></system-err>
</testsuite>
