<?xml version="1.0" encoding="UTF-8"?>
<testsuite name="TransactionTest" tests="1" skipped="0" failures="0" errors="0" timestamp="2021-08-26T10:50:02" hostname="Ians-MacBook-Air.local" time="0.047">
  <properties/>
  <testcase name="testCanMakeDebitTransaction()" classname="TransactionTest" time="0.047"/>
  <system-out><![CDATA[]]></system-out>
  <system-err><![CDATA[]]></system-err>
</testsuite>
